<?xml version="1.0" encoding="utf-8"?><testsuites name="pytest tests"><testsuite name="pytest" errors="0" failures="0" skipped="0" tests="4" time="1.652" timestamp="2026-05-20T22:19:07.164122+00:00" hostname="agent-env-991d68ff-ac34-4392-aa99-81fca5c9df38"><testcase classname="backend.tests.test_auth_refresh" name="test_login_sets_cookies_with_expected_ttls" time="0.489" /><testcase classname="backend.tests.test_auth_refresh" name="test_refresh_endpoint_with_valid_cookie_returns_user_and_new_cookies" time="0.399" /><testcase classname="backend.tests.test_auth_refresh" name="test_refresh_endpoint_without_cookie_returns_401" time="0.228" /><testcase classname="backend.tests.test_auth_refresh" name="test_me_works_with_login_cookies" time="0.477" /></testsuite></testsuites>