<?xml version="1.0" encoding="utf-8"?><testsuites name="pytest tests"><testsuite name="pytest" errors="0" failures="0" skipped="0" tests="7" time="1.656" timestamp="2026-05-20T22:29:24.945565+00:00" hostname="agent-env-991d68ff-ac34-4392-aa99-81fca5c9df38"><testcase classname="backend.tests.test_bearer_auth" name="test_login_returns_access_token_in_body" time="0.455" /><testcase classname="backend.tests.test_bearer_auth" name="test_register_returns_access_token_in_body" time="0.432" /><testcase classname="backend.tests.test_bearer_auth" name="test_auth_me_with_bearer_only" time="0.226" /><testcase classname="backend.tests.test_bearer_auth" name="test_allocations_list_with_bearer_only" time="0.127" /><testcase classname="backend.tests.test_bearer_auth" name="test_preview_headers_with_bearer_only" time="0.100" /><testcase classname="backend.tests.test_bearer_auth" name="test_protected_endpoint_without_auth_returns_401" time="0.128" /><testcase classname="backend.tests.test_bearer_auth" name="test_protected_endpoint_with_invalid_bearer_returns_401" time="0.114" /></testsuite></testsuites>