<?xml version="1.0" encoding="utf-8"?><testsuites name="pytest tests"><testsuite name="pytest" errors="0" failures="1" skipped="0" tests="14" time="1.268" timestamp="2026-05-20T23:07:18.675305+00:00" hostname="agent-env-991d68ff-ac34-4392-aa99-81fca5c9df38"><testcase classname="backend.tests.test_iter10_overhaul" name="test_wratio_case_insensitive_with_processor" time="0.000" /><testcase classname="backend.tests.test_iter10_overhaul" name="test_wratio_slark_construction_caps" time="0.000" /><testcase classname="backend.tests.test_iter10_overhaul" name="test_distinctive_tokens_filters_corp_suffix_and_stopwords" time="0.000" /><testcase classname="backend.tests.test_iter10_overhaul" name="test_distinctive_tokens_short_token_filter" time="0.000" /><testcase classname="backend.tests.test_iter10_overhaul" name="test_distinctive_tokens_empty_safe" time="0.000" /><testcase classname="backend.tests.test_iter10_overhaul" name="test_corp_suffixes_set_includes_common" time="0.000" /><testcase classname="backend.tests.test_iter10_overhaul" name="test_stop_tokens_includes_bank_noise" time="0.000" /><testcase classname="backend.tests.test_iter10_overhaul" name="test_allcaps_bank_text_now_matches_debtor_name" time="0.597" /><testcase classname="backend.tests.test_iter10_overhaul" name="test_rule_c_ref_plus_debtor_emmerson_multi_invoice" time="0.051" /><testcase classname="backend.tests.test_iter10_overhaul" name="test_rule_c_does_not_promote_if_debtor_below_85" time="0.049" /><testcase classname="backend.tests.test_iter10_overhaul" name="test_pass_2_5_debtor_tokens_low_confidence" time="0.055"><failure message="AssertionError: debtor_tokens promoted to FULL — must not: {'id': '19fcdfe4-9a48-4e2f-831d-18b8c15a0f5d', 'idx': 0, 'amount': 5400.0, 'remaining': 0.0, 'reference': 'XX9988 RANDOM NOISE FORD CIVIL JOBNO 12-A', 'payer': '', 'date': '2026-01-05', 'matches': [{'bank_id': '19fcdfe4-9a48-4e2f-831d-18b8c15a0f5d', 'invoice_id': '14ba0ff7-d258-4381-93f3-ebde53f8b6e4', 'amount': 5400.0, 'method': 'debtor_tokens', 'confidence': 'low', 'score': 100.0, 'ambiguous': False, 'reason': '2/4 distinctive debtor tokens found in bank text'}], 'status': 'full', 'confidence': 'high', 'reason': 'Unique debtor match at 100.0% with exact amount'}&#10;assert 'full' != 'full'">E   AssertionError: debtor_tokens promoted to FULL — must not: {'id': '19fcdfe4-9a48-4e2f-831d-18b8c15a0f5d', 'idx': 0, 'amount': 5400.0, 'remaining': 0.0, 'reference': 'XX9988 RANDOM NOISE FORD CIVIL JOBNO 12-A', 'payer': '', 'date': '2026-01-05', 'matches': [{'bank_id': '19fcdfe4-9a48-4e2f-831d-18b8c15a0f5d', 'invoice_id': '14ba0ff7-d258-4381-93f3-ebde53f8b6e4', 'amount': 5400.0, 'method': 'debtor_tokens', 'confidence': 'low', 'score': 100.0, 'ambiguous': False, 'reason': '2/4 distinctive debtor tokens found in bank text'}], 'status': 'full', 'confidence': 'high', 'reason': 'Unique debtor match at 100.0% with exact amount'}
    assert 'full' != 'full'</failure></testcase><testcase classname="backend.tests.test_iter10_overhaul" name="test_pass_2_5_skipped_when_no_remaining" time="0.064" /><testcase classname="backend.tests.test_iter10_overhaul" name="test_pass_2_5_needs_at_least_2_distinctive_tokens" time="0.052" /><testcase classname="backend.tests.test_iter10_overhaul" name="test_six_row_canonical_scenario" time="0.052" /></testsuite></testsuites>