<?xml version="1.0" encoding="utf-8"?><testsuites name="pytest tests"><testsuite name="pytest" errors="0" failures="1" skipped="0" tests="51" time="15.226" timestamp="2026-05-20T23:14:39.167226+00:00" hostname="agent-env-991d68ff-ac34-4392-aa99-81fca5c9df38"><testcase classname="backend.tests.test_auth_refresh" name="test_login_sets_cookies_with_expected_ttls" time="0.451" /><testcase classname="backend.tests.test_auth_refresh" name="test_refresh_endpoint_with_valid_cookie_returns_user_and_new_cookies" time="0.386" /><testcase classname="backend.tests.test_auth_refresh" name="test_refresh_endpoint_without_cookie_returns_401" time="0.113" /><testcase classname="backend.tests.test_auth_refresh" name="test_me_works_with_login_cookies" time="0.403" /><testcase classname="backend.tests.test_backend" name="test_unauth_blocked" time="0.122" /><testcase classname="backend.tests.test_backend" name="test_me" time="0.514" /><testcase classname="backend.tests.test_backend" name="test_admin_login" time="0.327" /><testcase classname="backend.tests.test_backend" name="test_validate" time="0.072" /><testcase classname="backend.tests.test_backend" name="test_list_isolation" time="0.524" /><testcase classname="backend.tests.test_backend" name="test_get_run" time="0.276" /><testcase classname="backend.tests.test_backend" name="test_export" time="0.076" /><testcase classname="backend.tests.test_backend" name="test_export_xlsx" time="2.756" /><testcase classname="backend.tests.test_backend" name="test_manual_link" time="0.137" /><testcase classname="backend.tests.test_backend" name="test_compare" time="0.202" /><testcase classname="backend.tests.test_backend" name="test_debtors" time="0.741" /><testcase classname="backend.tests.test_backend" name="test_audit" time="0.168" /><testcase classname="backend.tests.test_backend" name="test_logout" time="0.097" /><testcase classname="backend.tests.test_backend" name="test_delete" time="0.159" /><testcase classname="backend.tests.test_bearer_auth" name="test_login_returns_access_token_in_body" time="0.360" /><testcase classname="backend.tests.test_bearer_auth" name="test_register_returns_access_token_in_body" time="1.188" /><testcase classname="backend.tests.test_bearer_auth" name="test_auth_me_with_bearer_only" time="0.132" /><testcase classname="backend.tests.test_bearer_auth" name="test_allocations_list_with_bearer_only" time="0.130" /><testcase classname="backend.tests.test_bearer_auth" name="test_preview_headers_with_bearer_only" time="0.106" /><testcase classname="backend.tests.test_bearer_auth" name="test_protected_endpoint_without_auth_returns_401" time="0.115" /><testcase classname="backend.tests.test_bearer_auth" name="test_protected_endpoint_with_invalid_bearer_returns_401" time="0.113" /><testcase classname="backend.tests.test_iter10_overhaul" name="test_wratio_case_insensitive_with_processor" time="0.000" /><testcase classname="backend.tests.test_iter10_overhaul" name="test_wratio_slark_construction_caps" time="0.000" /><testcase classname="backend.tests.test_iter10_overhaul" name="test_distinctive_tokens_filters_corp_suffix_and_stopwords" time="0.000" /><testcase classname="backend.tests.test_iter10_overhaul" name="test_distinctive_tokens_short_token_filter" time="0.000" /><testcase classname="backend.tests.test_iter10_overhaul" name="test_distinctive_tokens_empty_safe" time="0.000" /><testcase classname="backend.tests.test_iter10_overhaul" name="test_corp_suffixes_set_includes_common" time="0.000" /><testcase classname="backend.tests.test_iter10_overhaul" name="test_stop_tokens_includes_bank_noise" time="0.000" /><testcase classname="backend.tests.test_iter10_overhaul" name="test_allcaps_bank_text_now_matches_debtor_name" time="0.534" /><testcase classname="backend.tests.test_iter10_overhaul" name="test_rule_c_ref_plus_debtor_emmerson_multi_invoice" time="0.066" /><testcase classname="backend.tests.test_iter10_overhaul" name="test_rule_c_does_not_promote_if_debtor_below_85" time="0.071" /><testcase classname="backend.tests.test_iter10_overhaul" name="test_pass_2_5_debtor_tokens_low_confidence" time="0.058" /><testcase classname="backend.tests.test_iter10_overhaul" name="test_pass_2_5_skipped_when_no_remaining" time="0.087" /><testcase classname="backend.tests.test_iter10_overhaul" name="test_pass_2_5_needs_at_least_2_distinctive_tokens" time="0.081" /><testcase classname="backend.tests.test_iter10_overhaul" name="test_six_row_canonical_scenario" time="0.079" /><testcase classname="backend.tests.test_new_features" name="test_extra_optional_column_mappings_accepted" time="0.373" /><testcase classname="backend.tests.test_new_features" name="test_fuzzy_matching_combined_reference_and_payer" time="0.100"><failure message="AssertionError: Globex should fuzzy-match fully, got {'id': '64580e27-a7aa-4ea9-84e0-1a7e691e09bb', 'idx': 1, 'amount': 300.0, 'remaining': 0.0, 'reference': 'Globex Industries Ltd transfer', 'payer': '', 'date': '2026-01-06', 'matches': [{'bank_id': '64580e27-a7aa-4ea9-84e0-1a7e691e09bb', 'invoice_id': 'a39459c0-a488-4343-b4ed-3d77d056d640', 'amount': 300.0, 'method': 'debtor_name', 'confidence': 'medium', 'score': 90.0, 'ambiguous': False, 'reason': 'Debtor name similarity 90.0% — unique candidate'}], 'status': 'partial', 'confidence': 'medium', 'reason': 'Debtor name similarity 90.0%'}&#10;assert 'partial' == 'full'&#10;  &#10;  - full&#10;  + partial">E   AssertionError: Globex should fuzzy-match fully, got {'id': '64580e27-a7aa-4ea9-84e0-1a7e691e09bb', 'idx': 1, 'amount': 300.0, 'remaining': 0.0, 'reference': 'Globex Industries Ltd transfer', 'payer': '', 'date': '2026-01-06', 'matches': [{'bank_id': '64580e27-a7aa-4ea9-84e0-1a7e691e09bb', 'invoice_id': 'a39459c0-a488-4343-b4ed-3d77d056d640', 'amount': 300.0, 'method': 'debtor_name', 'confidence': 'medium', 'score': 90.0, 'ambiguous': False, 'reason': 'Debtor name similarity 90.0% — unique candidate'}], 'status': 'partial', 'confidence': 'medium', 'reason': 'Debtor name similarity 90.0%'}
    assert 'partial' == 'full'
      
      - full
      + partial</failure></testcase><testcase classname="backend.tests.test_new_features" name="test_validation_invalid_date_and_missing_debtor" time="0.047" /><testcase classname="backend.tests.test_new_features" name="test_async_processing_large_run" time="2.755" /><testcase classname="backend.tests.test_new_features" name="test_small_run_is_synchronous" time="0.099" /><testcase classname="backend.tests.test_strict_classification" name="test_full_pure_reference_exact_amount" time="0.481" /><testcase classname="backend.tests.test_strict_classification" name="test_partial_debtor_fuzzy_90" time="0.056" /><testcase classname="backend.tests.test_strict_classification" name="test_partial_ambiguous_multiple_candidates" time="0.061" /><testcase classname="backend.tests.test_strict_classification" name="test_unmatched_no_signal" time="0.060" /><testcase classname="backend.tests.test_strict_classification" name="test_partial_ref_amount_overflow" time="0.062" /><testcase classname="backend.tests.test_strict_classification" name="test_reason_field_present_all_rows" time="0.069" /><testcase classname="backend.tests.test_strict_classification" name="test_stats_consistent" time="0.063" /></testsuite></testsuites>