<?xml version="1.0" encoding="utf-8"?><testsuites name="pytest tests"><testsuite name="pytest" errors="0" failures="0" skipped="0" tests="14" time="1.446" timestamp="2026-05-20T23:13:35.928900+00:00" hostname="agent-env-991d68ff-ac34-4392-aa99-81fca5c9df38"><testcase classname="backend.tests.test_iter10_overhaul" name="test_wratio_case_insensitive_with_processor" time="0.000" /><testcase classname="backend.tests.test_iter10_overhaul" name="test_wratio_slark_construction_caps" time="0.000" /><testcase classname="backend.tests.test_iter10_overhaul" name="test_distinctive_tokens_filters_corp_suffix_and_stopwords" time="0.000" /><testcase classname="backend.tests.test_iter10_overhaul" name="test_distinctive_tokens_short_token_filter" time="0.000" /><testcase classname="backend.tests.test_iter10_overhaul" name="test_distinctive_tokens_empty_safe" time="0.000" /><testcase classname="backend.tests.test_iter10_overhaul" name="test_corp_suffixes_set_includes_common" time="0.000" /><testcase classname="backend.tests.test_iter10_overhaul" name="test_stop_tokens_includes_bank_noise" time="0.000" /><testcase classname="backend.tests.test_iter10_overhaul" name="test_allcaps_bank_text_now_matches_debtor_name" time="0.565" /><testcase classname="backend.tests.test_iter10_overhaul" name="test_rule_c_ref_plus_debtor_emmerson_multi_invoice" time="0.069" /><testcase classname="backend.tests.test_iter10_overhaul" name="test_rule_c_does_not_promote_if_debtor_below_85" time="0.070" /><testcase classname="backend.tests.test_iter10_overhaul" name="test_pass_2_5_debtor_tokens_low_confidence" time="0.075" /><testcase classname="backend.tests.test_iter10_overhaul" name="test_pass_2_5_skipped_when_no_remaining" time="0.070" /><testcase classname="backend.tests.test_iter10_overhaul" name="test_pass_2_5_needs_at_least_2_distinctive_tokens" time="0.070" /><testcase classname="backend.tests.test_iter10_overhaul" name="test_six_row_canonical_scenario" time="0.071" /></testsuite></testsuites>