<?xml version="1.0" encoding="utf-8"?><testsuites name="pytest tests"><testsuite name="pytest" errors="0" failures="0" skipped="0" tests="17" time="5.612" timestamp="2026-05-21T21:36:36.327319+00:00" hostname="agent-env-991d68ff-ac34-4392-aa99-81fca5c9df38"><testcase classname="backend.tests.test_iter12_scalability.TestSmallRun" name="test_header_no_rows_embedded" time="0.675" /><testcase classname="backend.tests.test_iter12_scalability.TestSmallRun" name="test_rows_endpoint_full_bucket" time="0.159" /><testcase classname="backend.tests.test_iter12_scalability.TestSmallRun" name="test_rows_endpoint_unmatched_invoice_bucket" time="0.141" /><testcase classname="backend.tests.test_iter12_scalability.TestSmallRun" name="test_rows_search_filter" time="0.136" /><testcase classname="backend.tests.test_iter12_scalability.TestSmallRun" name="test_rows_pagesize_cap" time="0.117" /><testcase classname="backend.tests.test_iter12_scalability.TestSmallRun" name="test_unknown_bucket_400" time="0.228" /><testcase classname="backend.tests.test_iter12_scalability.TestSmallRun" name="test_export_csv_streams" time="0.123" /><testcase classname="backend.tests.test_iter12_scalability.TestSmallRun" name="test_export_xlsx" time="0.316" /><testcase classname="backend.tests.test_iter12_scalability.TestSmallRun" name="test_manual_link_and_recompute" time="0.667" /><testcase classname="backend.tests.test_iter12_scalability.TestLargeAsyncRun" name="test_returns_immediately_processing" time="0.431" /><testcase classname="backend.tests.test_iter12_scalability.TestLargeAsyncRun" name="test_no_embedded_rows_in_header" time="0.000" /><testcase classname="backend.tests.test_iter12_scalability.TestLargeAsyncRun" name="test_completes_in_background" time="0.167" /><testcase classname="backend.tests.test_iter12_scalability.TestLargeAsyncRun" name="test_paginated_rows_after_completion" time="0.697" /><testcase classname="backend.tests.test_iter12_scalability.TestAuthGuard" name="test_rows_requires_auth" time="0.138" /><testcase classname="backend.tests.test_iter12_scalability.TestAuthGuard" name="test_list_allocations" time="0.140" /><testcase classname="backend.tests.test_iter12_scalability.TestAuthGuard" name="test_debtors_works" time="1.199" /><testcase classname="backend.tests.test_iter12_scalability.TestAuthGuard" name="test_audit_works" time="0.177" /></testsuite></testsuites>