<?xml version="1.0" encoding="utf-8"?><testsuites name="pytest tests"><testsuite name="pytest" errors="0" failures="15" skipped="0" tests="63" time="12.608" timestamp="2026-05-21T21:36:52.499757+00:00" hostname="agent-env-991d68ff-ac34-4392-aa99-81fca5c9df38"><testcase classname="backend.tests.test_auth_refresh" name="test_login_sets_cookies_with_expected_ttls" time="0.451" /><testcase classname="backend.tests.test_auth_refresh" name="test_refresh_endpoint_with_valid_cookie_returns_user_and_new_cookies" time="0.422" /><testcase classname="backend.tests.test_auth_refresh" name="test_refresh_endpoint_without_cookie_returns_401" time="0.132" /><testcase classname="backend.tests.test_auth_refresh" name="test_me_works_with_login_cookies" time="0.412" /><testcase classname="backend.tests.test_backend" name="test_unauth_blocked" time="0.123" /><testcase classname="backend.tests.test_backend" name="test_me" time="0.439" /><testcase classname="backend.tests.test_backend" name="test_admin_login" time="0.354" /><testcase classname="backend.tests.test_backend" name="test_validate" time="0.070" /><testcase classname="backend.tests.test_backend" name="test_list_isolation" time="0.549" /><testcase classname="backend.tests.test_backend" name="test_get_run" time="0.073"><failure message="AssertionError: assert ('bank_rows' in {'created_at': '2026-05-21T21:36:55.634547+00:00', 'id': '790b5470-5919-4645-b053-a3bd438ef49f', 'mapping': {'bank_account': None, 'bank_amount': 'amount', 'bank_date': 'date', 'bank_payer': 'payer', ...}, 'name': 'Test Run', ...})&#10; +  where {'created_at': '2026-05-21T21:36:55.634547+00:00', 'id': '790b5470-5919-4645-b053-a3bd438ef49f', 'mapping': {'bank_account': None, 'bank_amount': 'amount', 'bank_date': 'date', 'bank_payer': 'payer', ...}, 'name': 'Test Run', ...} = json()&#10; +    where json = &lt;Response [200]&gt;.json">E   AssertionError: assert ('bank_rows' in {'created_at': '2026-05-21T21:36:55.634547+00:00', 'id': '790b5470-5919-4645-b053-a3bd438ef49f', 'mapping': {'bank_account': None, 'bank_amount': 'amount', 'bank_date': 'date', 'bank_payer': 'payer', ...}, 'name': 'Test Run', ...})
     +  where {'created_at': '2026-05-21T21:36:55.634547+00:00', 'id': '790b5470-5919-4645-b053-a3bd438ef49f', 'mapping': {'bank_account': None, 'bank_amount': 'amount', 'bank_date': 'date', 'bank_payer': 'payer', ...}, 'name': 'Test Run', ...} = json()
     +    where json = &lt;Response [200]&gt;.json</failure></testcase><testcase classname="backend.tests.test_backend" name="test_export" time="0.070" /><testcase classname="backend.tests.test_backend" name="test_export_xlsx" time="0.078" /><testcase classname="backend.tests.test_backend" name="test_manual_link" time="0.067"><failure message="KeyError: 'bank_rows'">E   KeyError: 'bank_rows'</failure></testcase><testcase classname="backend.tests.test_backend" name="test_compare" time="0.148" /><testcase classname="backend.tests.test_backend" name="test_debtors" time="0.150" /><testcase classname="backend.tests.test_backend" name="test_audit" time="0.155" /><testcase classname="backend.tests.test_backend" name="test_logout" time="0.119" /><testcase classname="backend.tests.test_backend" name="test_delete" time="0.149" /><testcase classname="backend.tests.test_bearer_auth" name="test_login_returns_access_token_in_body" time="0.349" /><testcase classname="backend.tests.test_bearer_auth" name="test_register_returns_access_token_in_body" time="0.367" /><testcase classname="backend.tests.test_bearer_auth" name="test_auth_me_with_bearer_only" time="0.138" /><testcase classname="backend.tests.test_bearer_auth" name="test_allocations_list_with_bearer_only" time="0.166" /><testcase classname="backend.tests.test_bearer_auth" name="test_preview_headers_with_bearer_only" time="0.125" /><testcase classname="backend.tests.test_bearer_auth" name="test_protected_endpoint_without_auth_returns_401" time="0.198" /><testcase classname="backend.tests.test_bearer_auth" name="test_protected_endpoint_with_invalid_bearer_returns_401" time="0.113" /><testcase classname="backend.tests.test_iter10_overhaul" name="test_wratio_case_insensitive_with_processor" time="0.000" /><testcase classname="backend.tests.test_iter10_overhaul" name="test_wratio_slark_construction_caps" time="0.000" /><testcase classname="backend.tests.test_iter10_overhaul" name="test_distinctive_tokens_filters_corp_suffix_and_stopwords" time="0.000" /><testcase classname="backend.tests.test_iter10_overhaul" name="test_distinctive_tokens_short_token_filter" time="0.000" /><testcase classname="backend.tests.test_iter10_overhaul" name="test_distinctive_tokens_empty_safe" time="0.000" /><testcase classname="backend.tests.test_iter10_overhaul" name="test_corp_suffixes_set_includes_common" time="0.000" /><testcase classname="backend.tests.test_iter10_overhaul" name="test_stop_tokens_includes_bank_noise" time="0.000" /><testcase classname="backend.tests.test_iter10_overhaul" name="test_allcaps_bank_text_now_matches_debtor_name" time="0.522"><failure message="KeyError: 'bank_rows'">E   KeyError: 'bank_rows'</failure></testcase><testcase classname="backend.tests.test_iter10_overhaul" name="test_rule_c_ref_plus_debtor_emmerson_multi_invoice" time="0.069"><failure message="KeyError: 'bank_rows'">E   KeyError: 'bank_rows'</failure></testcase><testcase classname="backend.tests.test_iter10_overhaul" name="test_rule_c_does_not_promote_if_debtor_below_85" time="0.071"><failure message="KeyError: 'bank_rows'">E   KeyError: 'bank_rows'</failure></testcase><testcase classname="backend.tests.test_iter10_overhaul" name="test_pass_2_5_debtor_tokens_low_confidence" time="0.073"><failure message="KeyError: 'bank_rows'">E   KeyError: 'bank_rows'</failure></testcase><testcase classname="backend.tests.test_iter10_overhaul" name="test_pass_2_5_skipped_when_no_remaining" time="0.066"><failure message="KeyError: 'bank_rows'">E   KeyError: 'bank_rows'</failure></testcase><testcase classname="backend.tests.test_iter10_overhaul" name="test_pass_2_5_needs_at_least_2_distinctive_tokens" time="0.068"><failure message="KeyError: 'bank_rows'">E   KeyError: 'bank_rows'</failure></testcase><testcase classname="backend.tests.test_iter10_overhaul" name="test_six_row_canonical_scenario" time="0.070"><failure message="KeyError: 'bank_rows'">E   KeyError: 'bank_rows'</failure></testcase><testcase classname="backend.tests.test_iter12_scalability.TestSmallRun" name="test_header_no_rows_embedded" time="0.630" /><testcase classname="backend.tests.test_iter12_scalability.TestSmallRun" name="test_rows_endpoint_full_bucket" time="0.143" /><testcase classname="backend.tests.test_iter12_scalability.TestSmallRun" name="test_rows_endpoint_unmatched_invoice_bucket" time="0.138" /><testcase classname="backend.tests.test_iter12_scalability.TestSmallRun" name="test_rows_search_filter" time="0.158" /><testcase classname="backend.tests.test_iter12_scalability.TestSmallRun" name="test_rows_pagesize_cap" time="0.135" /><testcase classname="backend.tests.test_iter12_scalability.TestSmallRun" name="test_unknown_bucket_400" time="0.125" /><testcase classname="backend.tests.test_iter12_scalability.TestSmallRun" name="test_export_csv_streams" time="0.131" /><testcase classname="backend.tests.test_iter12_scalability.TestSmallRun" name="test_export_xlsx" time="0.137" /><testcase classname="backend.tests.test_iter12_scalability.TestSmallRun" name="test_manual_link_and_recompute" time="0.711" /><testcase classname="backend.tests.test_iter12_scalability.TestLargeAsyncRun" name="test_returns_immediately_processing" time="0.209" /><testcase classname="backend.tests.test_iter12_scalability.TestLargeAsyncRun" name="test_no_embedded_rows_in_header" time="0.000" /><testcase classname="backend.tests.test_iter12_scalability.TestLargeAsyncRun" name="test_completes_in_background" time="0.148" /><testcase classname="backend.tests.test_iter12_scalability.TestLargeAsyncRun" name="test_paginated_rows_after_completion" time="0.618" /><testcase classname="backend.tests.test_iter12_scalability.TestAuthGuard" name="test_rows_requires_auth" time="0.136" /><testcase classname="backend.tests.test_iter12_scalability.TestAuthGuard" name="test_list_allocations" time="0.130" /><testcase classname="backend.tests.test_iter12_scalability.TestAuthGuard" name="test_debtors_works" time="1.167" /><testcase classname="backend.tests.test_iter12_scalability.TestAuthGuard" name="test_audit_works" time="0.198" /><testcase classname="backend.tests.test_strict_classification" name="test_full_pure_reference_exact_amount" time="0.552"><failure message="KeyError: 'bank_rows'">E   KeyError: 'bank_rows'</failure></testcase><testcase classname="backend.tests.test_strict_classification" name="test_partial_debtor_fuzzy_90" time="0.068"><failure message="KeyError: 'bank_rows'">E   KeyError: 'bank_rows'</failure></testcase><testcase classname="backend.tests.test_strict_classification" name="test_partial_ambiguous_multiple_candidates" time="0.068"><failure message="KeyError: 'bank_rows'">E   KeyError: 'bank_rows'</failure></testcase><testcase classname="backend.tests.test_strict_classification" name="test_unmatched_no_signal" time="0.068"><failure message="KeyError: 'bank_rows'">E   KeyError: 'bank_rows'</failure></testcase><testcase classname="backend.tests.test_strict_classification" name="test_partial_ref_amount_overflow" time="0.063"><failure message="KeyError: 'bank_rows'">E   KeyError: 'bank_rows'</failure></testcase><testcase classname="backend.tests.test_strict_classification" name="test_reason_field_present_all_rows" time="0.066"><failure message="KeyError: 'bank_rows'">E   KeyError: 'bank_rows'</failure></testcase><testcase classname="backend.tests.test_strict_classification" name="test_stats_consistent" time="0.066" /></testsuite></testsuites>