<?xml version="1.0" encoding="utf-8"?><testsuites name="pytest tests"><testsuite name="pytest" errors="0" failures="1" skipped="1" tests="15" time="4.973" timestamp="2026-05-21T21:59:58.308299+00:00" hostname="agent-env-991d68ff-ac34-4392-aa99-81fca5c9df38"><testcase classname="backend.tests.test_iter13_billing_presets.TestBillingPlan" name="test_plan_shape" time="0.607" /><testcase classname="backend.tests.test_iter13_billing_presets.TestBillingPlan" name="test_me_decorated" time="0.129" /><testcase classname="backend.tests.test_iter13_billing_presets.TestBillingCheckout" name="test_unknown_package" time="0.132" /><testcase classname="backend.tests.test_iter13_billing_presets.TestBillingCheckout" name="test_pro_monthly_creates_session" time="0.754" /><testcase classname="backend.tests.test_iter13_billing_presets.TestBillingCheckout" name="test_status_endpoint" time="0.422"><failure message="AssertionError: Internal Server Error&#10;assert 500 == 200&#10; +  where 500 = &lt;Response [500]&gt;.status_code">backend/tests/test_iter13_billing_presets.py:121: in test_status_endpoint
    assert r.status_code == 200, r.text
E   AssertionError: Internal Server Error
E   assert 500 == 200
E    +  where 500 = &lt;Response [500]&gt;.status_code</failure></testcase><testcase classname="backend.tests.test_iter13_billing_presets.TestBillingCheckout" name="test_status_unknown_session_404" time="0.131" /><testcase classname="backend.tests.test_iter13_billing_presets.TestMappingPresets" name="test_list_built_in" time="0.155" /><testcase classname="backend.tests.test_iter13_billing_presets.TestMappingPresets" name="test_save_preset_starter_402" time="0.123" /><testcase classname="backend.tests.test_iter13_billing_presets.TestMappingPresets" name="test_admin_pro_can_save_and_delete" time="0.466"><skipped type="pytest.skip" message="admin is starter-tier in this env; 402 gate already verified by starter test">/app/backend/tests/test_iter13_billing_presets.py:171: admin is starter-tier in this env; 402 gate already verified by starter test</skipped></testcase><testcase classname="backend.tests.test_iter13_billing_presets.TestQuota" name="test_sub_5k_succeeds_and_increments_usage" time="0.580" /><testcase classname="backend.tests.test_iter13_billing_presets.TestQuota" name="test_over_5k_returns_402_quota_exceeded" time="0.208" /><testcase classname="backend.tests.test_iter13_billing_presets.TestRowsSearch" name="test_unmatched_bank_search_filters" time="0.432" /><testcase classname="backend.tests.test_iter13_billing_presets.TestRowsSearch" name="test_unmatched_bank_search_case_insensitive" time="0.122" /><testcase classname="backend.tests.test_iter13_billing_presets.TestRowsSearch" name="test_unmatched_invoice_search_filters" time="0.263" /><testcase classname="backend.tests.test_iter13_billing_presets.TestRowsSearch" name="test_unmatched_invoice_search_no_match" time="0.325" /></testsuite></testsuites>