<?xml version="1.0" encoding="utf-8"?><testsuites name="pytest tests"><testsuite name="pytest" errors="0" failures="0" skipped="0" tests="18" time="3.503" timestamp="2026-05-20T23:13:55.670750+00:00" hostname="agent-env-991d68ff-ac34-4392-aa99-81fca5c9df38"><testcase classname="backend.tests.test_strict_classification" name="test_full_pure_reference_exact_amount" time="0.497" /><testcase classname="backend.tests.test_strict_classification" name="test_partial_debtor_fuzzy_90" time="0.060" /><testcase classname="backend.tests.test_strict_classification" name="test_partial_ambiguous_multiple_candidates" time="0.053" /><testcase classname="backend.tests.test_strict_classification" name="test_unmatched_no_signal" time="0.050" /><testcase classname="backend.tests.test_strict_classification" name="test_partial_ref_amount_overflow" time="0.056" /><testcase classname="backend.tests.test_strict_classification" name="test_reason_field_present_all_rows" time="0.065" /><testcase classname="backend.tests.test_strict_classification" name="test_stats_consistent" time="0.071" /><testcase classname="backend.tests.test_bearer_auth" name="test_login_returns_access_token_in_body" time="0.342" /><testcase classname="backend.tests.test_bearer_auth" name="test_register_returns_access_token_in_body" time="0.329" /><testcase classname="backend.tests.test_bearer_auth" name="test_auth_me_with_bearer_only" time="0.095" /><testcase classname="backend.tests.test_bearer_auth" name="test_allocations_list_with_bearer_only" time="0.117" /><testcase classname="backend.tests.test_bearer_auth" name="test_preview_headers_with_bearer_only" time="0.147" /><testcase classname="backend.tests.test_bearer_auth" name="test_protected_endpoint_without_auth_returns_401" time="0.107" /><testcase classname="backend.tests.test_bearer_auth" name="test_protected_endpoint_with_invalid_bearer_returns_401" time="0.127" /><testcase classname="backend.tests.test_auth_refresh" name="test_login_sets_cookies_with_expected_ttls" time="0.328" /><testcase classname="backend.tests.test_auth_refresh" name="test_refresh_endpoint_with_valid_cookie_returns_user_and_new_cookies" time="0.413" /><testcase classname="backend.tests.test_auth_refresh" name="test_refresh_endpoint_without_cookie_returns_401" time="0.105" /><testcase classname="backend.tests.test_auth_refresh" name="test_me_works_with_login_cookies" time="0.476" /></testsuite></testsuites>