<?xml version="1.0" encoding="utf-8"?><testsuites name="pytest tests"><testsuite name="pytest" errors="0" failures="0" skipped="0" tests="5" time="3.666" timestamp="2026-05-20T21:49:42.851233+00:00" hostname="agent-env-991d68ff-ac34-4392-aa99-81fca5c9df38"><testcase classname="backend.tests.test_new_features" name="test_extra_optional_column_mappings_accepted" time="0.565" /><testcase classname="backend.tests.test_new_features" name="test_fuzzy_matching_combined_reference_and_payer" time="0.173" /><testcase classname="backend.tests.test_new_features" name="test_validation_invalid_date_and_missing_debtor" time="0.047" /><testcase classname="backend.tests.test_new_features" name="test_async_processing_large_run" time="2.713" /><testcase classname="backend.tests.test_new_features" name="test_small_run_is_synchronous" time="0.097" /></testsuite></testsuites>