<?xml version="1.0" encoding="utf-8"?><testsuites name="pytest tests"><testsuite name="pytest" errors="0" failures="0" skipped="0" tests="14" time="3.083" timestamp="2026-05-20T21:48:14.730612+00:00" hostname="agent-env-991d68ff-ac34-4392-aa99-81fca5c9df38"><testcase classname="backend.tests.test_backend" name="test_unauth_blocked" time="0.250" /><testcase classname="backend.tests.test_backend" name="test_me" time="0.411" /><testcase classname="backend.tests.test_backend" name="test_admin_login" time="0.331" /><testcase classname="backend.tests.test_backend" name="test_validate" time="0.058" /><testcase classname="backend.tests.test_backend" name="test_list_isolation" time="0.500" /><testcase classname="backend.tests.test_backend" name="test_get_run" time="0.049" /><testcase classname="backend.tests.test_backend" name="test_export" time="0.055" /><testcase classname="backend.tests.test_backend" name="test_export_xlsx" time="0.570" /><testcase classname="backend.tests.test_backend" name="test_manual_link" time="0.106" /><testcase classname="backend.tests.test_backend" name="test_compare" time="0.108" /><testcase classname="backend.tests.test_backend" name="test_debtors" time="0.157" /><testcase classname="backend.tests.test_backend" name="test_audit" time="0.101" /><testcase classname="backend.tests.test_backend" name="test_logout" time="0.095" /><testcase classname="backend.tests.test_backend" name="test_delete" time="0.100" /></testsuite></testsuites>