<?xml version="1.0" encoding="utf-8"?><testsuites name="pytest tests"><testsuite name="pytest" errors="0" failures="0" skipped="0" tests="13" time="2.945" timestamp="2026-05-20T21:07:58.581955+00:00" hostname="agent-env-991d68ff-ac34-4392-aa99-81fca5c9df38"><testcase classname="backend.tests.test_backend" name="test_unauth_blocked" time="0.308" /><testcase classname="backend.tests.test_backend" name="test_me" time="0.435" /><testcase classname="backend.tests.test_backend" name="test_admin_login" time="0.480" /><testcase classname="backend.tests.test_backend" name="test_validate" time="0.115" /><testcase classname="backend.tests.test_backend" name="test_list_isolation" time="0.565" /><testcase classname="backend.tests.test_backend" name="test_get_run" time="0.091" /><testcase classname="backend.tests.test_backend" name="test_export" time="0.056" /><testcase classname="backend.tests.test_backend" name="test_manual_link" time="0.110" /><testcase classname="backend.tests.test_backend" name="test_compare" time="0.107" /><testcase classname="backend.tests.test_backend" name="test_debtors" time="0.122" /><testcase classname="backend.tests.test_backend" name="test_audit" time="0.112" /><testcase classname="backend.tests.test_backend" name="test_logout" time="0.116" /><testcase classname="backend.tests.test_backend" name="test_delete" time="0.121" /></testsuite></testsuites>