<?xml version="1.0" encoding="utf-8"?><testsuites name="pytest tests"><testsuite name="pytest" errors="0" failures="0" skipped="0" tests="7" time="1.241" timestamp="2026-05-20T23:03:56.486574+00:00" hostname="agent-env-991d68ff-ac34-4392-aa99-81fca5c9df38"><testcase classname="backend.tests.test_strict_classification" name="test_full_pure_reference_exact_amount" time="0.840" /><testcase classname="backend.tests.test_strict_classification" name="test_partial_debtor_fuzzy_90" time="0.063" /><testcase classname="backend.tests.test_strict_classification" name="test_partial_ambiguous_multiple_candidates" time="0.052" /><testcase classname="backend.tests.test_strict_classification" name="test_unmatched_no_signal" time="0.051" /><testcase classname="backend.tests.test_strict_classification" name="test_partial_ref_amount_overflow" time="0.059" /><testcase classname="backend.tests.test_strict_classification" name="test_reason_field_present_all_rows" time="0.053" /><testcase classname="backend.tests.test_strict_classification" name="test_stats_consistent" time="0.052" /></testsuite></testsuites>